[41;37m./luci-app-aliddns: has no/multi config file(s), skipping...[0m
[41;37m./luci-app-aliddns: has no/multi config file(s), skipping...[0m
[41;37m./luci-app-aliddns: has no/multi config file(s), skipping...[0m
[41;37m./luci-app-aliddns: has no/multi config file(s), skipping...[0m
[41;37m./luci-app-aliddns: has no/multi config file(s), skipping...[0m
[41;37m./luci-app-aliddns: has no/multi config file(s), skipping...[0m
[41;37m./luci-app-apfree-wifidog/luci-app-apfree-wifidog_intro: has no/multi config file(s), skipping...[0m
[41;37m./luci-app-autorepeater: has no/multi config file(s), skipping...[0m
[41;37m./luci-app-autorepeater: has no/multi config file(s), skipping...[0m
[41;37m./luci-app-autorepeater: has no/multi config file(s), skipping...[0m
[41;37m./luci-app-autorepeater: has no/multi config file(s), skipping...[0m
[41;37m./luci-app-autorepeater: has no/multi config file(s), skipping...[0m
[41;37m./luci-app-autorepeater: has no/multi config file(s), skipping...[0m
[41;37m./luci-app-autorepeater: has no/multi config file(s), skipping...[0m
[41;37m./luci-app-autorepeater: has no/multi config file(s), skipping...[0m
[41;37m./luci-app-autoshell: has no/multi config file(s), skipping...[0m
[41;37m./luci-app-autoshell: has no/multi config file(s), skipping...[0m
[41;37m./luci-app-autoshell: has no/multi config file(s), skipping...[0m
[41;37m./luci-app-autoshell: has no/multi config file(s), skipping...[0m
[41;37m./luci-app-autoshell: has no/multi config file(s), skipping...[0m
[41;37m./luci-app-autoshell: has no/multi config file(s), skipping...[0m
[41;37m./luci-app-autoshell: has no/multi config file(s), skipping...[0m
[41;37m./luci-app-banmac-ipt: has no/multi config file(s), skipping...[0m
[41;37m./luci-app-banmac-ipt: has no/multi config file(s), skipping...[0m
[41;37m./luci-app-banmac-ipt: has no/multi config file(s), skipping...[0m
[41;37m./luci-app-banmac-ipt: has no/multi config file(s), skipping...[0m
[41;37m./luci-app-banmac-nft: has no/multi config file(s), skipping...[0m
[41;37m./luci-app-banmac-nft: has no/multi config file(s), skipping...[0m
[41;37m./luci-app-banmac-nft: has no/multi config file(s), skipping...[0m
[41;37m./luci-app-banmac-nft: has no/multi config file(s), skipping...[0m
[41;37m./luci-app-broadbandacc: has no/multi config file(s), skipping...[0m
[41;37m./luci-app-broadbandacc: has no/multi config file(s), skipping...[0m
[41;37m./luci-app-broadbandacc: has no/multi config file(s), skipping...[0m
[41;37m./luci-app-broadbandacc: has no/multi config file(s), skipping...[0m
[41;37m./luci-app-broadbandacc: has no/multi config file(s), skipping...[0m
[41;37m./luci-app-broadbandacc: has no/multi config file(s), skipping...[0m
[41;37m./luci-app-chongyoung: has no/multi config file(s), skipping...[0m
[41;37m./luci-app-chongyoung: has no/multi config file(s), skipping...[0m
[41;37m./luci-app-chongyoung: has no/multi config file(s), skipping...[0m
[41;37m./luci-app-chongyoung: has no/multi config file(s), skipping...[0m
[41;37m./luci-app-ddnsto: has no/multi config file(s), skipping...[0m
[41;37m./luci-app-ddnsto: has no/multi config file(s), skipping...[0m
[41;37m./luci-app-ddnsto: has no/multi config file(s), skipping...[0m
[41;37m./luci-app-ddnsto: has no/multi config file(s), skipping...[0m
[41;37m./luci-app-ddnsto: has no/multi config file(s), skipping...[0m
[41;37m./luci-app-diskman: has no/multi config file(s), skipping...[0m
[41;37m./luci-app-diskman: has no/multi config file(s), skipping...[0m
[41;37m./luci-app-diskman: has no/multi config file(s), skipping...[0m
[41;37m./luci-app-diskman: has no/multi config file(s), skipping...[0m
[41;37m./luci-app-dnscrypt-proxy2: has no/multi config file(s), skipping...[0m
[41;37m./luci-app-dnscrypt-proxy2: has no/multi config file(s), skipping...[0m
[41;37m./luci-app-dnscrypt-proxy2: has no/multi config file(s), skipping...[0m
[41;37m./luci-app-dnscrypt-proxy2: has no/multi config file(s), skipping...[0m
[41;37m./luci-app-dnscrypt-proxy2: has no/multi config file(s), skipping...[0m
[41;37m./luci-app-dnscrypt-proxy2: has no/multi config file(s), skipping...[0m
[41;37m./luci-app-dnsforwarder: has no/multi config file(s), skipping...[0m
[41;37m./luci-app-dnsforwarder: has no/multi config file(s), skipping...[0m
[41;37m./luci-app-dnsforwarder: has no/multi config file(s), skipping...[0m
[41;37m./luci-app-dnsforwarder: has no/multi config file(s), skipping...[0m
[41;37m./luci-app-dnsmasq-ipset: has no/multi config file(s), skipping...[0m
[41;37m./luci-app-dnsmasq-ipset: has no/multi config file(s), skipping...[0m
[41;37m./luci-app-dnsmasq-ipset: has no/multi config file(s), skipping...[0m
[41;37m./luci-app-dnsmasq-ipset: has no/multi config file(s), skipping...[0m
[41;37m./luci-app-dnsmasq-ipset: has no/multi config file(s), skipping...[0m
[41;37m./luci-app-dnsmasq-ipset: has no/multi config file(s), skipping...[0m
[41;37m./luci-app-dnsmasq-ipset: has no/multi config file(s), skipping...[0m
[41;37m./luci-app-dogcom: has no/multi config file(s), skipping...[0m
[41;37m./luci-app-dogcom: has no/multi config file(s), skipping...[0m
[41;37m./luci-app-dogcom: has no/multi config file(s), skipping...[0m
[41;37m./luci-app-dogcom: has no/multi config file(s), skipping...[0m
[41;37m./luci-app-dogcom: has no/multi config file(s), skipping...[0m
[41;37m./luci-app-fileassistant: has no/multi config file(s), skipping...[0m
[41;37m./luci-app-fileassistant: has no/multi config file(s), skipping...[0m
[41;37m./luci-app-fileassistant: has no/multi config file(s), skipping...[0m
[41;37m./luci-app-fileassistant: has no/multi config file(s), skipping...[0m
[41;37m./luci-app-filetransfer: has no/multi config file(s), skipping...[0m
[41;37m./luci-app-filetransfer: has no/multi config file(s), skipping...[0m
[41;37m./luci-app-filetransfer: has no/multi config file(s), skipping...[0m
[41;37m./luci-app-filetransfer: has no/multi config file(s), skipping...[0m
[41;37m./luci-app-filetransfer: has no/multi config file(s), skipping...[0m
[41;37m./luci-app-gpoint: has no/multi config file(s), skipping...[0m
[41;37m./luci-app-gpoint: has no/multi config file(s), skipping...[0m
[41;37m./luci-app-gpoint: has no/multi config file(s), skipping...[0m
[41;37m./luci-app-gpoint: has no/multi config file(s), skipping...[0m
[41;37m./luci-app-gpoint: has no/multi config file(s), skipping...[0m
[41;37m./luci-app-gpoint: has no/multi config file(s), skipping...[0m
[41;37m./luci-app-gpoint: has no/multi config file(s), skipping...[0m
[41;37m./luci-app-gpoint: has no/multi config file(s), skipping...[0m
[41;37m./luci-app-gpoint: has no/multi config file(s), skipping...[0m
[41;37m./luci-app-gpoint: has no/multi config file(s), skipping...[0m
[41;37m./luci-app-gpsysupgrade: has no/multi config file(s), skipping...[0m
[41;37m./luci-app-gpsysupgrade: has no/multi config file(s), skipping...[0m
[41;37m./luci-app-gpsysupgrade: has no/multi config file(s), skipping...[0m
[41;37m./luci-app-gpsysupgrade: has no/multi config file(s), skipping...[0m
[41;37m./luci-app-gpsysupgrade: has no/multi config file(s), skipping...[0m
[41;37m./luci-app-gpsysupgrade: has no/multi config file(s), skipping...[0m
[41;37m./luci-app-homebox: has no/multi config file(s), skipping...[0m
[41;37m./luci-app-homebox: has no/multi config file(s), skipping...[0m
[41;37m./luci-app-homebox: has no/multi config file(s), skipping...[0m
[41;37m./luci-app-homebox: has no/multi config file(s), skipping...[0m
[41;37m./luci-app-homebox: has no/multi config file(s), skipping...[0m
[41;37m./luci-app-homebridge: has no/multi config file(s), skipping...[0m
[41;37m./luci-app-homebridge: has no/multi config file(s), skipping...[0m
[41;37m./luci-app-homebridge: has no/multi config file(s), skipping...[0m
[41;37m./luci-app-homebridge: has no/multi config file(s), skipping...[0m
[41;37m./luci-app-iptvhelper: has no/multi config file(s), skipping...[0m
[41;37m./luci-app-iptvhelper: has no/multi config file(s), skipping...[0m
[41;37m./luci-app-iptvhelper: has no/multi config file(s), skipping...[0m
[41;37m./luci-app-iptvhelper: has no/multi config file(s), skipping...[0m
[41;37m./luci-app-iptvhelper: has no/multi config file(s), skipping...[0m
[41;37m./luci-app-ipv6clientfilter/luci-app-ipv6clientfilter_1: has no/multi config file(s), skipping...[0m
[41;37m./luci-app-irqbalance: has no/multi config file(s), skipping...[0m
[41;37m./luci-app-irqbalance: has no/multi config file(s), skipping...[0m
[41;37m./luci-app-irqbalance: has no/multi config file(s), skipping...[0m
[41;37m./luci-app-irqbalance: has no/multi config file(s), skipping...[0m
[41;37m./luci-app-irqbalance: has no/multi config file(s), skipping...[0m
[41;37m./luci-app-istoreenhance: has no/multi config file(s), skipping...[0m
[41;37m./luci-app-istoreenhance: has no/multi config file(s), skipping...[0m
[41;37m./luci-app-istoreenhance: has no/multi config file(s), skipping...[0m
[41;37m./luci-app-istoreenhance: has no/multi config file(s), skipping...[0m
[41;37m./luci-app-istorego: has no/multi config file(s), skipping...[0m
[41;37m./luci-app-istorego: has no/multi config file(s), skipping...[0m
[41;37m./luci-app-istorego: has no/multi config file(s), skipping...[0m
[41;37m./luci-app-istorego: has no/multi config file(s), skipping...[0m
[41;37m./luci-app-istorego: has no/multi config file(s), skipping...[0m
[41;37m./luci-app-k3screenctrl: has no/multi config file(s), skipping...[0m
[41;37m./luci-app-k3screenctrl: has no/multi config file(s), skipping...[0m
[41;37m./luci-app-k3screenctrl: has no/multi config file(s), skipping...[0m
[41;37m./luci-app-k3screenctrl: has no/multi config file(s), skipping...[0m
[41;37m./luci-app-k3screenctrl: has no/multi config file(s), skipping...[0m
[41;37m./luci-app-k3screenctrl: has no/multi config file(s), skipping...[0m
[41;37m./luci-app-linkease: has no/multi config file(s), skipping...[0m
[41;37m./luci-app-linkease: has no/multi config file(s), skipping...[0m
[41;37m./luci-app-linkease: has no/multi config file(s), skipping...[0m
[41;37m./luci-app-linkease: has no/multi config file(s), skipping...[0m
[41;37m./luci-app-linkease: has no/multi config file(s), skipping...[0m
[41;37m./luci-app-linkease: has no/multi config file(s), skipping...[0m
[41;37m./luci-app-mac: has no/multi config file(s), skipping...[0m
[41;37m./luci-app-mac: has no/multi config file(s), skipping...[0m
[41;37m./luci-app-mac: has no/multi config file(s), skipping...[0m
[41;37m./luci-app-mac: has no/multi config file(s), skipping...[0m
[41;37m./luci-app-minieap: has no/multi config file(s), skipping...[0m
[41;37m./luci-app-minieap: has no/multi config file(s), skipping...[0m
[41;37m./luci-app-minieap: has no/multi config file(s), skipping...[0m
[41;37m./luci-app-minieap: has no/multi config file(s), skipping...[0m
[41;37m./luci-app-minieap: has no/multi config file(s), skipping...[0m
[41;37m./luci-app-miniproxy: has no/multi config file(s), skipping...[0m
[41;37m./luci-app-miniproxy: has no/multi config file(s), skipping...[0m
[41;37m./luci-app-miniproxy: has no/multi config file(s), skipping...[0m
[41;37m./luci-app-miniproxy: has no/multi config file(s), skipping...[0m
[41;37m./luci-app-miniproxy: has no/multi config file(s), skipping...[0m
[41;37m./luci-app-miniproxy: has no/multi config file(s), skipping...[0m
[41;37m./luci-app-miniproxy: has no/multi config file(s), skipping...[0m
[41;37m./luci-app-mnh: has no/multi config file(s), skipping...[0m
[41;37m./luci-app-mnh: has no/multi config file(s), skipping...[0m
[41;37m./luci-app-mnh: has no/multi config file(s), skipping...[0m
[41;37m./luci-app-mymind: has no/multi config file(s), skipping...[0m
[41;37m./luci-app-mymind: has no/multi config file(s), skipping...[0m
[41;37m./luci-app-mymind: has no/multi config file(s), skipping...[0m
[41;37m./luci-app-mymind: has no/multi config file(s), skipping...[0m
[41;37m./luci-app-mymind: has no/multi config file(s), skipping...[0m
[41;37m./luci-app-nettask: has no/multi config file(s), skipping...[0m
[41;37m./luci-app-nettask: has no/multi config file(s), skipping...[0m
[41;37m./luci-app-nettask: has no/multi config file(s), skipping...[0m
[41;37m./luci-app-nettask: has no/multi config file(s), skipping...[0m
[41;37m./luci-app-nettask: has no/multi config file(s), skipping...[0m
[41;37m./luci-app-nvr: has no/multi config file(s), skipping...[0m
[41;37m./luci-app-nvr: has no/multi config file(s), skipping...[0m
[41;37m./luci-app-nvr: has no/multi config file(s), skipping...[0m
[41;37m./luci-app-nvr: has no/multi config file(s), skipping...[0m
[41;37m./luci-app-nvr: has no/multi config file(s), skipping...[0m
[41;37m./luci-app-onliner: has no/multi config file(s), skipping...[0m
[41;37m./luci-app-onliner: has no/multi config file(s), skipping...[0m
[41;37m./luci-app-onliner: has no/multi config file(s), skipping...[0m
[41;37m./luci-app-onliner: has no/multi config file(s), skipping...[0m
[41;37m./luci-app-onliner: has no/multi config file(s), skipping...[0m
[41;37m./luci-app-pgyvpn: has no/multi config file(s), skipping...[0m
[41;37m./luci-app-pgyvpn: has no/multi config file(s), skipping...[0m
[41;37m./luci-app-pgyvpn: has no/multi config file(s), skipping...[0m
[41;37m./luci-app-pgyvpn: has no/multi config file(s), skipping...[0m
[41;37m./luci-app-pikpak-webdav: has no/multi config file(s), skipping...[0m
[41;37m./luci-app-pikpak-webdav: has no/multi config file(s), skipping...[0m
[41;37m./luci-app-pikpak-webdav: has no/multi config file(s), skipping...[0m
[41;37m./luci-app-pikpak-webdav: has no/multi config file(s), skipping...[0m
[41;37m./luci-app-pikpak-webdav: has no/multi config file(s), skipping...[0m
[41;37m./luci-app-qos-emong: has no/multi config file(s), skipping...[0m
[41;37m./luci-app-qos-emong: has no/multi config file(s), skipping...[0m
[41;37m./luci-app-qos-emong: has no/multi config file(s), skipping...[0m
[41;37m./luci-app-quickstart: has no/multi config file(s), skipping...[0m
[41;37m./luci-app-quickstart: has no/multi config file(s), skipping...[0m
[41;37m./luci-app-quickstart: has no/multi config file(s), skipping...[0m
[41;37m./luci-app-quickstart: has no/multi config file(s), skipping...[0m
[41;37m./luci-app-quickstart: has no/multi config file(s), skipping...[0m
[41;37m./luci-app-quickstart: has no/multi config file(s), skipping...[0m
[41;37m./luci-app-quickstart: has no/multi config file(s), skipping...[0m
[41;37m./luci-app-rtbwmon: has no/multi config file(s), skipping...[0m
[41;37m./luci-app-rtbwmon: has no/multi config file(s), skipping...[0m
[41;37m./luci-app-rtbwmon: has no/multi config file(s), skipping...[0m
[41;37m./luci-app-rtbwmon: has no/multi config file(s), skipping...[0m
[41;37m./luci-app-rtbwmon: has no/multi config file(s), skipping...[0m
[41;37m./luci-app-rtbwmon: has no/multi config file(s), skipping...[0m
[41;37m./luci-app-rtbwmon: has no/multi config file(s), skipping...[0m
[41;37m./luci-app-shadowsocks-libev: has no/multi config file(s), skipping...[0m
[41;37m./luci-app-shadowsocks-libev: has no/multi config file(s), skipping...[0m
[41;37m./luci-app-shairplay: has no/multi config file(s), skipping...[0m
[41;37m./luci-app-shairplay: has no/multi config file(s), skipping...[0m
[41;37m./luci-app-shairplay: has no/multi config file(s), skipping...[0m
[41;37m./luci-app-shairplay: has no/multi config file(s), skipping...[0m
[41;37m./luci-app-shairplay: has no/multi config file(s), skipping...[0m
[41;37m./luci-app-shutdown: has no/multi config file(s), skipping...[0m
[41;37m./luci-app-shutdown: has no/multi config file(s), skipping...[0m
[41;37m./luci-app-shutdown: has no/multi config file(s), skipping...[0m
[41;37m./luci-app-shutdown: has no/multi config file(s), skipping...[0m
[41;37m./luci-app-shutdown: has no/multi config file(s), skipping...[0m
[41;37m./luci-app-squid-adv: has no/multi config file(s), skipping...[0m
[41;37m./luci-app-squid-adv: has no/multi config file(s), skipping...[0m
[41;37m./luci-app-squid-adv: has no/multi config file(s), skipping...[0m
[41;37m./luci-app-squid-adv: has no/multi config file(s), skipping...[0m
[41;37m./luci-app-squid-adv: has no/multi config file(s), skipping...[0m
[41;37m./luci-app-squid-adv: has no/multi config file(s), skipping...[0m
[41;37m./luci-app-squid-adv: has no/multi config file(s), skipping...[0m
[41;37m./luci-app-squid-adv: has no/multi config file(s), skipping...[0m
[41;37m./luci-app-sunpanel: has no/multi config file(s), skipping...[0m
[41;37m./luci-app-sunpanel: has no/multi config file(s), skipping...[0m
[41;37m./luci-app-sunpanel: has no/multi config file(s), skipping...[0m
[41;37m./luci-app-sunpanel: has no/multi config file(s), skipping...[0m
[41;37m./luci-app-sunpanel: has no/multi config file(s), skipping...[0m
[41;37m./luci-app-suselogin: has no/multi config file(s), skipping...[0m
[41;37m./luci-app-suselogin: has no/multi config file(s), skipping...[0m
[41;37m./luci-app-suselogin: has no/multi config file(s), skipping...[0m
[41;37m./luci-app-suselogin: has no/multi config file(s), skipping...[0m
[41;37m./luci-app-suselogin: has no/multi config file(s), skipping...[0m
[41;37m./luci-app-switch-lan-play: has no/multi config file(s), skipping...[0m
[41;37m./luci-app-switch-lan-play: has no/multi config file(s), skipping...[0m
[41;37m./luci-app-switch-lan-play: has no/multi config file(s), skipping...[0m
[41;37m./luci-app-switch-lan-play: has no/multi config file(s), skipping...[0m
[41;37m./luci-app-systools: has no/multi config file(s), skipping...[0m
[41;37m./luci-app-systools: has no/multi config file(s), skipping...[0m
[41;37m./luci-app-systools: has no/multi config file(s), skipping...[0m
[41;37m./luci-app-systools: has no/multi config file(s), skipping...[0m
[41;37m./luci-app-systools: has no/multi config file(s), skipping...[0m
[41;37m./luci-app-tasks: has no/multi config file(s), skipping...[0m
[41;37m./luci-app-tasks: has no/multi config file(s), skipping...[0m
[41;37m./luci-app-tasks: has no/multi config file(s), skipping...[0m
[41;37m./luci-app-tasks: has no/multi config file(s), skipping...[0m
[41;37m./luci-app-tcpdump: has no/multi config file(s), skipping...[0m
[41;37m./luci-app-tcpdump: has no/multi config file(s), skipping...[0m
[41;37m./luci-app-tcpdump: has no/multi config file(s), skipping...[0m
[41;37m./luci-app-tcpdump: has no/multi config file(s), skipping...[0m
[41;37m./luci-app-tcpdump: has no/multi config file(s), skipping...[0m
[41;37m./luci-app-tcpdump: has no/multi config file(s), skipping...[0m
[41;37m./luci-app-tencentcloud-cos: has no/multi config file(s), skipping...[0m
[41;37m./luci-app-tencentcloud-cos: has no/multi config file(s), skipping...[0m
[41;37m./luci-app-tencentcloud-cos: has no/multi config file(s), skipping...[0m
[41;37m./luci-app-tencentcloud-cos: has no/multi config file(s), skipping...[0m
[41;37m./luci-app-tencentddns: has no/multi config file(s), skipping...[0m
[41;37m./luci-app-tencentddns: has no/multi config file(s), skipping...[0m
[41;37m./luci-app-tencentddns: has no/multi config file(s), skipping...[0m
[41;37m./luci-app-tencentddns: has no/multi config file(s), skipping...[0m
[41;37m./luci-app-tencentddns: has no/multi config file(s), skipping...[0m
[41;37m./luci-app-tinyfecvpn: has no/multi config file(s), skipping...[0m
[41;37m./luci-app-tinyfecvpn: has no/multi config file(s), skipping...[0m
[41;37m./luci-app-tinyfecvpn: has no/multi config file(s), skipping...[0m
[41;37m./luci-app-tinyfecvpn: has no/multi config file(s), skipping...[0m
[41;37m./luci-app-tinyfecvpn: has no/multi config file(s), skipping...[0m
[41;37m./luci-app-tinyfecvpn: has no/multi config file(s), skipping...[0m
[41;37m./luci-app-torbp: has no/multi config file(s), skipping...[0m
[41;37m./luci-app-torbp: has no/multi config file(s), skipping...[0m
[41;37m./luci-app-torbp: has no/multi config file(s), skipping...[0m
[41;37m./luci-app-torbp: has no/multi config file(s), skipping...[0m
[41;37m./luci-app-torbp: has no/multi config file(s), skipping...[0m
[41;37m./luci-app-torbp: has no/multi config file(s), skipping...[0m
[41;37m./luci-app-torbp: has no/multi config file(s), skipping...[0m
[41;37m./luci-app-torbp: has no/multi config file(s), skipping...[0m
[41;37m./luci-app-ua2f: has no/multi config file(s), skipping...[0m
[41;37m./luci-app-ua2f: has no/multi config file(s), skipping...[0m
[41;37m./luci-app-ua2f: has no/multi config file(s), skipping...[0m
[41;37m./luci-app-ua2f: has no/multi config file(s), skipping...[0m
[41;37m./luci-app-unishare: has no/multi config file(s), skipping...[0m
[41;37m./luci-app-unishare: has no/multi config file(s), skipping...[0m
[41;37m./luci-app-unishare: has no/multi config file(s), skipping...[0m
[41;37m./luci-app-unishare: has no/multi config file(s), skipping...[0m
[41;37m./luci-app-webadmin: has no/multi config file(s), skipping...[0m
[41;37m./luci-app-webadmin: has no/multi config file(s), skipping...[0m
[41;37m./luci-app-webadmin: has no/multi config file(s), skipping...[0m
[41;37m./luci-app-webadmin: has no/multi config file(s), skipping...[0m
[41;37m./luci-app-webdav: has no/multi config file(s), skipping...[0m
[41;37m./luci-app-webdav: has no/multi config file(s), skipping...[0m
[41;37m./luci-app-webdav: has no/multi config file(s), skipping...[0m
[41;37m./luci-app-webviewdev: has no/multi config file(s), skipping...[0m
[41;37m./luci-app-webviewdev: has no/multi config file(s), skipping...[0m
[41;37m./luci-app-webviewdev: has no/multi config file(s), skipping...[0m
[41;37m./luci-app-xjay: has no/multi config file(s), skipping...[0m
[41;37m./luci-app-xjay: has no/multi config file(s), skipping...[0m
[41;37m./luci-app-xjay: has no/multi config file(s), skipping...[0m
[41;37m./luci-app-xjay: has no/multi config file(s), skipping...[0m
[41;37m./luci-app-xunyou: has no/multi config file(s), skipping...[0m
[41;37m./luci-app-xunyou: has no/multi config file(s), skipping...[0m
[41;37m./luci-app-xunyou: has no/multi config file(s), skipping...[0m
[41;37m./luci-app-xunyou: has no/multi config file(s), skipping...[0m
[41;37m./luci-app-yt-dlp/luci-app-yt-dlp_intro: has no/multi config file(s), skipping...[0m
[41;37m./mt/luci-app-mtwifi: has no/multi config file(s), skipping...[0m
